android-agent/app/build/intermediates/manifest_merge_blame_file/debug/processDebugMainManifest/manifest-merger-blame-debug-report.txt
1<?xml version="1.0" encoding="utf-8"?>
2<manifest xmlns:android="http://schemas.android.com/apk/res/android"
3    package="com.remoteagent"
4    android:versionCode="1"
5    android:versionName="1.0.0" >
6
7    <uses-sdk
8        android:minSdkVersion="26"
9        android:targetSdkVersion="35" />
10
11    <uses-permission android:name="android.permission.INTERNET" />
11-->src\main\AndroidManifest.xml:5:5-67
11-->src\main\AndroidManifest.xml:5:22-64
12    <uses-permission android:name="android.permission.ACCESS_NETWORK_STATE" />
12-->src\main\AndroidManifest.xml:6:5-79
12-->src\main\AndroidManifest.xml:6:22-76
13    <uses-permission android:name="android.permission.ACCESS_WIFI_STATE" />
13-->src\main\AndroidManifest.xml:7:5-76
13-->src\main\AndroidManifest.xml:7:22-73
14    <uses-permission android:name="android.permission.CAMERA" />
14-->src\main\AndroidManifest.xml:9:5-65
14-->src\main\AndroidManifest.xml:9:22-62
15    <uses-permission
15-->src\main\AndroidManifest.xml:10:5-108
16        android:name="android.permission.WRITE_EXTERNAL_STORAGE"
16-->src\main\AndroidManifest.xml:10:22-78
17        android:maxSdkVersion="28" />
17-->src\main\AndroidManifest.xml:10:79-105
18    <uses-permission
18-->src\main\AndroidManifest.xml:11:5-107
19        android:name="android.permission.READ_EXTERNAL_STORAGE"
19-->src\main\AndroidManifest.xml:11:22-77
20        android:maxSdkVersion="32" />
20-->src\main\AndroidManifest.xml:11:78-104
21    <uses-permission android:name="android.permission.READ_MEDIA_IMAGES" />
21-->src\main\AndroidManifest.xml:12:5-76
21-->src\main\AndroidManifest.xml:12:22-73
22    <uses-permission android:name="android.permission.READ_MEDIA_VIDEO" />
22-->src\main\AndroidManifest.xml:13:5-75
22-->src\main\AndroidManifest.xml:13:22-72
23    <uses-permission android:name="android.permission.READ_MEDIA_AUDIO" />
23-->src\main\AndroidManifest.xml:14:5-75
23-->src\main\AndroidManifest.xml:14:22-72
24    <uses-permission android:name="android.permission.MANAGE_EXTERNAL_STORAGE" />
24-->src\main\AndroidManifest.xml:15:5-17:40
24-->src\main\AndroidManifest.xml:16:9-66
25    <uses-permission android:name="android.permission.RECORD_AUDIO" />
25-->src\main\AndroidManifest.xml:19:5-71
25-->src\main\AndroidManifest.xml:19:22-68
26    <uses-permission android:name="android.permission.READ_CONTACTS" />
26-->src\main\AndroidManifest.xml:21:5-72
26-->src\main\AndroidManifest.xml:21:22-69
27    <uses-permission android:name="android.permission.READ_CALL_LOG" />
27-->src\main\AndroidManifest.xml:22:5-72
27-->src\main\AndroidManifest.xml:22:22-69
28    <uses-permission android:name="android.permission.READ_SMS" />
28-->src\main\AndroidManifest.xml:23:5-67
28-->src\main\AndroidManifest.xml:23:22-64
29    <uses-permission android:name="android.permission.ACCESS_FINE_LOCATION" />
29-->src\main\AndroidManifest.xml:25:5-79
29-->src\main\AndroidManifest.xml:25:22-76
30    <uses-permission android:name="android.permission.ACCESS_COARSE_LOCATION" />
30-->src\main\AndroidManifest.xml:26:5-81
30-->src\main\AndroidManifest.xml:26:22-78
31    <uses-permission android:name="android.permission.FOREGROUND_SERVICE" />
31-->src\main\AndroidManifest.xml:28:5-77
31-->src\main\AndroidManifest.xml:28:22-74
32    <uses-permission android:name="android.permission.FOREGROUND_SERVICE_DATA_SYNC" />
32-->src\main\AndroidManifest.xml:29:5-87
32-->src\main\AndroidManifest.xml:29:22-84
33    <uses-permission android:name="android.permission.FOREGROUND_SERVICE_CAMERA" />
33-->src\main\AndroidManifest.xml:30:5-84
33-->src\main\AndroidManifest.xml:30:22-81
34    <uses-permission android:name="android.permission.FOREGROUND_SERVICE_MICROPHONE" />
34-->src\main\AndroidManifest.xml:31:5-88
34-->src\main\AndroidManifest.xml:31:22-85
35    <uses-permission android:name="android.permission.POST_NOTIFICATIONS" />
35-->src\main\AndroidManifest.xml:32:5-77
35-->src\main\AndroidManifest.xml:32:22-74
36    <uses-permission android:name="android.permission.WAKE_LOCK" />
36-->src\main\AndroidManifest.xml:34:5-68
36-->src\main\AndroidManifest.xml:34:22-65
37    <uses-permission android:name="android.permission.REQUEST_IGNORE_BATTERY_OPTIMIZATIONS" />
37-->src\main\AndroidManifest.xml:35:5-95
37-->src\main\AndroidManifest.xml:35:22-92
38    <uses-permission android:name="android.permission.RECEIVE_BOOT_COMPLETED" />
38-->src\main\AndroidManifest.xml:36:5-81
38-->src\main\AndroidManifest.xml:36:22-78
39    <uses-permission android:name="android.permission.QUERY_ALL_PACKAGES" />
39-->src\main\AndroidManifest.xml:37:5-39:53
39-->src\main\AndroidManifest.xml:38:9-61
40    <uses-permission android:name="android.permission.PACKAGE_USAGE_STATS" />
40-->src\main\AndroidManifest.xml:40:5-42:47
40-->src\main\AndroidManifest.xml:41:9-62
41
42    <uses-feature
42-->src\main\AndroidManifest.xml:44:5-85
43        android:name="android.hardware.camera"
43-->src\main\AndroidManifest.xml:44:19-57
44        android:required="false" />
44-->src\main\AndroidManifest.xml:44:58-82
45    <uses-feature
45-->src\main\AndroidManifest.xml:45:5-95
46        android:name="android.hardware.camera.autofocus"
46-->src\main\AndroidManifest.xml:45:19-67
47        android:required="false" />
47-->src\main\AndroidManifest.xml:45:68-92
48    <uses-feature
48-->src\main\AndroidManifest.xml:46:5-91
49        android:name="android.hardware.location.gps"
49-->src\main\AndroidManifest.xml:46:19-63
50        android:required="false" />
50-->src\main\AndroidManifest.xml:46:64-88
51    <uses-feature
51-->src\main\AndroidManifest.xml:47:5-89
52        android:name="android.hardware.microphone"
52-->src\main\AndroidManifest.xml:47:19-61
53        android:required="false" />
53-->src\main\AndroidManifest.xml:47:62-86
54
55    <permission
55-->[androidx.core:core:1.13.1] AndroidManifest.xml:22:5-24:47
56        android:name="com.remoteagent.DYNAMIC_RECEIVER_NOT_EXPORTED_PERMISSION"
56-->[androidx.core:core:1.13.1] AndroidManifest.xml:23:9-81
57        android:protectionLevel="signature" />
57-->[androidx.core:core:1.13.1] AndroidManifest.xml:24:9-44
58
59    <uses-permission android:name="com.remoteagent.DYNAMIC_RECEIVER_NOT_EXPORTED_PERMISSION" />
59-->[androidx.core:core:1.13.1] AndroidManifest.xml:26:5-97
59-->[androidx.core:core:1.13.1] AndroidManifest.xml:26:22-94
60
61    <application
61-->src\main\AndroidManifest.xml:49:5-95:19
62        android:name="com.remoteagent.AgentApplication"
62-->src\main\AndroidManifest.xml:50:9-41
63        android:allowBackup="false"
63-->src\main\AndroidManifest.xml:51:9-36
64        android:appComponentFactory="androidx.core.app.CoreComponentFactory"
64-->[androidx.core:core:1.13.1] AndroidManifest.xml:28:18-86
65        android:debuggable="true"
66        android:extractNativeLibs="false"
67        android:icon="@mipmap/ic_launcher"
67-->src\main\AndroidManifest.xml:52:9-43
68        android:label="@string/app_name"
68-->src\main\AndroidManifest.xml:53:9-41
69        android:networkSecurityConfig="@xml/network_security_config"
69-->src\main\AndroidManifest.xml:57:9-69
70        android:requestLegacyExternalStorage="true"
70-->src\main\AndroidManifest.xml:58:9-52
71        android:roundIcon="@mipmap/ic_launcher_round"
71-->src\main\AndroidManifest.xml:54:9-54
72        android:supportsRtl="true"
72-->src\main\AndroidManifest.xml:55:9-35
73        android:theme="@style/Theme.RemoteAgent"
73-->src\main\AndroidManifest.xml:56:9-49
74        android:usesCleartextTraffic="true" >
74-->src\debug\AndroidManifest.xml:6:9-44
75        <activity
75-->src\main\AndroidManifest.xml:61:9-68:20
76            android:name="com.remoteagent.ui.MainActivity"
76-->src\main\AndroidManifest.xml:62:13-44
77            android:exported="true" >
77-->src\main\AndroidManifest.xml:63:13-36
78            <intent-filter>
78-->src\main\AndroidManifest.xml:64:13-67:29
79                <action android:name="android.intent.action.MAIN" />
79-->src\main\AndroidManifest.xml:65:17-69
79-->src\main\AndroidManifest.xml:65:25-66
80
81                <category android:name="android.intent.category.LAUNCHER" />
81-->src\main\AndroidManifest.xml:66:17-77
81-->src\main\AndroidManifest.xml:66:27-74
82            </intent-filter>
83        </activity>
84
85        <service
85-->src\main\AndroidManifest.xml:70:9-74:74
86            android:name="com.remoteagent.service.AgentService"
86-->src\main\AndroidManifest.xml:71:13-49
87            android:enabled="true"
87-->src\main\AndroidManifest.xml:72:13-35
88            android:exported="false"
88-->src\main\AndroidManifest.xml:73:13-37
89            android:foregroundServiceType="dataSync|camera|microphone" />
89-->src\main\AndroidManifest.xml:74:13-71
90
91        <receiver
91-->src\main\AndroidManifest.xml:76:9-84:20
92            android:name="com.remoteagent.receiver.BootReceiver"
92-->src\main\AndroidManifest.xml:77:13-50
93            android:enabled="true"
93-->src\main\AndroidManifest.xml:78:13-35
94            android:exported="true" >
94-->src\main\AndroidManifest.xml:79:13-36
95            <intent-filter>
95-->src\main\AndroidManifest.xml:80:13-83:29
96                <action android:name="android.intent.action.BOOT_COMPLETED" />
96-->src\main\AndroidManifest.xml:81:17-79
96-->src\main\AndroidManifest.xml:81:25-76
97                <action android:name="android.intent.action.QUICKBOOT_POWERON" />
97-->src\main\AndroidManifest.xml:82:17-82
97-->src\main\AndroidManifest.xml:82:25-79
98            </intent-filter>
99        </receiver>
100        <receiver
100-->src\main\AndroidManifest.xml:86:9-93:20
101            android:name="com.remoteagent.receiver.NetworkReceiver"
101-->src\main\AndroidManifest.xml:87:13-53
102            android:enabled="true"
102-->src\main\AndroidManifest.xml:88:13-35
103            android:exported="false" >
103-->src\main\AndroidManifest.xml:89:13-37
104            <intent-filter>
104-->src\main\AndroidManifest.xml:90:13-92:29
105                <action android:name="android.net.conn.CONNECTIVITY_CHANGE" />
105-->src\main\AndroidManifest.xml:91:17-79
105-->src\main\AndroidManifest.xml:91:25-76
106            </intent-filter>
107        </receiver>
108
109        <provider
109-->[androidx.emoji2:emoji2:1.3.0] AndroidManifest.xml:24:9-32:20
110            android:name="androidx.startup.InitializationProvider"
110-->[androidx.emoji2:emoji2:1.3.0] AndroidManifest.xml:25:13-67
111            android:authorities="com.remoteagent.androidx-startup"
111-->[androidx.emoji2:emoji2:1.3.0] AndroidManifest.xml:26:13-68
112            android:exported="false" >
112-->[androidx.emoji2:emoji2:1.3.0] AndroidManifest.xml:27:13-37
113            <meta-data
113-->[androidx.emoji2:emoji2:1.3.0] AndroidManifest.xml:29:13-31:52
114                android:name="androidx.emoji2.text.EmojiCompatInitializer"
114-->[androidx.emoji2:emoji2:1.3.0] AndroidManifest.xml:30:17-75
115                android:value="androidx.startup" />
115-->[androidx.emoji2:emoji2:1.3.0] AndroidManifest.xml:31:17-49
116            <meta-data
116-->[androidx.lifecycle:lifecycle-process:2.6.2] AndroidManifest.xml:29:13-31:52
117                android:name="androidx.lifecycle.ProcessLifecycleInitializer"
117-->[androidx.lifecycle:lifecycle-process:2.6.2] AndroidManifest.xml:30:17-78
118                android:value="androidx.startup" />
118-->[androidx.lifecycle:lifecycle-process:2.6.2] AndroidManifest.xml:31:17-49
119            <meta-data
119-->[androidx.profileinstaller:profileinstaller:1.3.1] AndroidManifest.xml:29:13-31:52
120                android:name="androidx.profileinstaller.ProfileInstallerInitializer"
120-->[androidx.profileinstaller:profileinstaller:1.3.1] AndroidManifest.xml:30:17-85
121                android:value="androidx.startup" />
121-->[androidx.profileinstaller:profileinstaller:1.3.1] AndroidManifest.xml:31:17-49
122        </provider>
123
124        <receiver
124-->[androidx.profileinstaller:profileinstaller:1.3.1] AndroidManifest.xml:34:9-52:20
125            android:name="androidx.profileinstaller.ProfileInstallReceiver"
125-->[androidx.profileinstaller:profileinstaller:1.3.1] AndroidManifest.xml:35:13-76
126            android:directBootAware="false"
126-->[androidx.profileinstaller:profileinstaller:1.3.1] AndroidManifest.xml:36:13-44
127            android:enabled="true"
127-->[androidx.profileinstaller:profileinstaller:1.3.1] AndroidManifest.xml:37:13-35
128            android:exported="true"
128-->[androidx.profileinstaller:profileinstaller:1.3.1] AndroidManifest.xml:38:13-36
129            android:permission="android.permission.DUMP" >
129-->[androidx.profileinstaller:profileinstaller:1.3.1] AndroidManifest.xml:39:13-57
130            <intent-filter>
130-->[androidx.profileinstaller:profileinstaller:1.3.1] AndroidManifest.xml:40:13-42:29
131                <action android:name="androidx.profileinstaller.action.INSTALL_PROFILE" />
131-->[androidx.profileinstaller:profileinstaller:1.3.1] AndroidManifest.xml:41:17-91
131-->[androidx.profileinstaller:profileinstaller:1.3.1] AndroidManifest.xml:41:25-88
132            </intent-filter>
133            <intent-filter>
133-->[androidx.profileinstaller:profileinstaller:1.3.1] AndroidManifest.xml:43:13-45:29
134                <action android:name="androidx.profileinstaller.action.SKIP_FILE" />
134-->[androidx.profileinstaller:profileinstaller:1.3.1] AndroidManifest.xml:44:17-85
134-->[androidx.profileinstaller:profileinstaller:1.3.1] AndroidManifest.xml:44:25-82
135            </intent-filter>
136            <intent-filter>
136-->[androidx.profileinstaller:profileinstaller:1.3.1] AndroidManifest.xml:46:13-48:29
137                <action android:name="androidx.profileinstaller.action.SAVE_PROFILE" />
137-->[androidx.profileinstaller:profileinstaller:1.3.1] AndroidManifest.xml:47:17-88
137-->[androidx.profileinstaller:profileinstaller:1.3.1] AndroidManifest.xml:47:25-85
138            </intent-filter>
139            <intent-filter>
139-->[androidx.profileinstaller:profileinstaller:1.3.1] AndroidManifest.xml:49:13-51:29
140                <action android:name="androidx.profileinstaller.action.BENCHMARK_OPERATION" />
140-->[androidx.profileinstaller:profileinstaller:1.3.1] AndroidManifest.xml:50:17-95
140-->[androidx.profileinstaller:profileinstaller:1.3.1] AndroidManifest.xml:50:25-92
141            </intent-filter>
142        </receiver>
143    </application>
144
145</manifest>